TN:
SF:anagrams.js
FN:1,isAnagram
FN:5,formatStr
FNF:2
FNH:2
FNDA:2,isAnagram
FNDA:4,formatStr
DA:2,2
DA:6,4
DA:9,1
LF:3
LH:3
BRF:0
BRH:0
end_of_record
TN:
SF:chunk.js
FN:1,(anonymous_0)
FN:3,(anonymous_1)
FNF:2
FNH:2
FNDA:2,(anonymous_0)
FNDA:13,(anonymous_1)
DA:1,1
DA:2,2
DA:3,2
DA:4,13
DA:5,13
DA:6,13
DA:8,0
DA:11,2
DA:14,1
LF:9
LH:8
BRDA:5,0,0,13
BRDA:5,0,1,0
BRDA:5,1,0,13
BRDA:5,1,1,0
BRF:4
BRH:2
end_of_record
TN:
SF:functions.js
FN:4,(anonymous_0)
FN:5,(anonymous_1)
FN:6,(anonymous_2)
FN:7,(anonymous_3)
FN:14,(anonymous_4)
FN:14,(anonymous_5)
FN:14,(anonymous_6)
FNF:7
FNH:6
FNDA:2,(anonymous_0)
FNDA:1,(anonymous_1)
FNDA:1,(anonymous_2)
FNDA:1,(anonymous_3)
FNDA:2,(anonymous_4)
FNDA:2,(anonymous_5)
FNDA:0,(anonymous_6)
DA:1,1
DA:3,1
DA:4,2
DA:5,1
DA:6,1
DA:8,1
DA:11,1
DA:12,1
DA:14,2
DA:17,1
LF:10
LH:10
BRF:0
BRH:0
end_of_record
TN:
SF:reversestring.js
FN:1,(anonymous_0)
FNF:1
FNH:1
FNDA:1,(anonymous_0)
DA:1,1
DA:6,1
LF:2
LH:2
BRF:0
BRH:0
end_of_record
TN:
SF:synth.js
FN:2,(anonymous_0)
FN:9,(anonymous_1)
FNF:2
FNH:2
FNDA:1,(anonymous_0)
FNDA:2,(anonymous_1)
DA:3,1
DA:4,1
DA:5,1
DA:6,1
DA:10,2
DA:14,1
DA:16,1
DA:18,1
DA:19,1
LF:9
LH:9
BRF:0
BRH:0
end_of_record
